2022-11-11 09:38:00 INFO  bigData-service-quartz background-preinit org.hibernate.validator.internal.util.Version HV000001: Hibernate Validator 6.1.6.Final
2022-11-11 09:38:00 INFO  bigData-service-quartz main org.springframework.cloud.config.client.ConfigServicePropertySourceLocator Fetching config from server at : http://localhost:8611/
2022-11-11 09:38:00 INFO  bigData-service-quartz main org.springframework.cloud.config.client.ConfigServicePropertySourceLocator Located environment: name=bigData-service-quartz, profiles=[dev], label=null, version=null, state=null
2022-11-11 09:38:00 INFO  bigData-service-quartz main org.springframework.cloud.bootstrap.config.PropertySourceBootstrapConfiguration Located property source: [BootstrapPropertySource {name='bootstrapProperties-classpath:/config/bigData-service-quartz-dev.yml'}, BootstrapPropertySource {name='bootstrapProperties-classpath:/config/application-dev.yml'}]
2022-11-11 09:38:00 INFO  bigData-service-quartz main com.bigData.service.quartz.BigDataQuartzApplication The following profiles are active: dev
2022-11-11 09:38:01 INFO  bigData-service-quartz main org.springframework.data.repository.config.RepositoryConfigurationDelegate Multiple Spring Data modules found, entering strict repository configuration mode!
2022-11-11 09:38:01 INFO  bigData-service-quartz main org.springframework.data.repository.config.RepositoryConfigurationDelegate Bootstrapping Spring Data Redis repositories in DEFAULT mode.
2022-11-11 09:38:01 INFO  bigData-service-quartz main org.springframework.data.repository.config.RepositoryConfigurationDelegate Finished Spring Data repository scanning in 15ms. Found 0 Redis repository interfaces.
2022-11-11 09:38:02 INFO  bigData-service-quartz main org.springframework.cloud.context.scope.GenericScope BeanFactory id=fefbec6c-27f1-3dec-9d19-c7fe0f023f4a
2022-11-11 09:38:02 INFO  bigData-service-quartz main org.springframework.context.support.PostProcessorRegistrationDelegate$BeanPostProcessorChecker Bean 'org.springframework.security.access.expression.method.DefaultMethodSecurityExpressionHandler@6af310c7' of type [org.springframework.security.oauth2.provider.expression.OAuth2MethodSecurityExpressionHandler] is not eligible for getting processed by all BeanPostProcessors (for example: not eligible for auto-proxying)
2022-11-11 09:38:02 INFO  bigData-service-quartz main org.springframework.context.support.PostProcessorRegistrationDelegate$BeanPostProcessorChecker Bean 'methodSecurityMetadataSource' of type [org.springframework.security.access.method.DelegatingMethodSecurityMetadataSource] is not eligible for getting processed by all BeanPostProcessors (for example: not eligible for auto-proxying)
2022-11-11 09:38:02 INFO  bigData-service-quartz main io.undertow.servlet Initializing Spring embedded WebApplicationContext
2022-11-11 09:38:02 INFO  bigData-service-quartz main org.springframework.boot.web.servlet.context.ServletWebServerApplicationContext Root WebApplicationContext: initialization completed in 1959 ms
2022-11-11 09:38:02 INFO  bigData-service-quartz main com.netflix.config.sources.URLConfigurationSource To enable URLs as dynamic configuration sources, define System property archaius.configurationSource.additionalUrls or make config.properties available on classpath.
2022-11-11 09:38:02 INFO  bigData-service-quartz main com.netflix.config.DynamicPropertyFactory DynamicPropertyFactory is initialized with configuration sources: com.netflix.config.ConcurrentCompositeConfiguration@1a0f349
2022-11-11 09:38:03 INFO  bigData-service-quartz main org.springframework.boot.actuate.endpoint.web.ServletEndpointRegistrar Registered '/actuator/hystrix.stream' to hystrix.stream-actuator-endpoint
2022-11-11 09:38:04 INFO  bigData-service-quartz main org.springframework.boot.actuate.endpoint.web.EndpointLinksResolver Exposing 18 endpoint(s) beneath base path '/actuator'
2022-11-11 09:38:04 INFO  bigData-service-quartz main org.quartz.impl.StdSchedulerFactory Using default implementation for ThreadExecutor
2022-11-11 09:38:04 INFO  bigData-service-quartz main org.quartz.simpl.SimpleThreadPool Job execution threads will use class loader of thread: main
2022-11-11 09:38:04 INFO  bigData-service-quartz main org.quartz.core.SchedulerSignalerImpl Initialized Scheduler Signaller of type: class org.quartz.core.SchedulerSignalerImpl
2022-11-11 09:38:04 INFO  bigData-service-quartz main org.quartz.core.QuartzScheduler Quartz Scheduler v.2.3.2 created.
2022-11-11 09:38:04 INFO  bigData-service-quartz main com.zaxxer.hikari.HikariDataSource HikariPool-1 - Starting...
2022-11-11 09:38:04 INFO  bigData-service-quartz main com.zaxxer.hikari.HikariDataSource HikariPool-1 - Start completed.
2022-11-11 09:38:04 INFO  bigData-service-quartz main org.springframework.scheduling.quartz.LocalDataSourceJobStore Using db table-based data access locking (synchronization).
2022-11-11 09:38:04 INFO  bigData-service-quartz main org.springframework.scheduling.quartz.LocalDataSourceJobStore JobStoreCMT initialized.
2022-11-11 09:38:04 INFO  bigData-service-quartz main org.quartz.core.QuartzScheduler Scheduler meta-data: Quartz Scheduler (v2.3.2) 'quartzScheduler' with instanceId 'stave-zhaodeMacBook-Pro.local1668130684691'
  Scheduler class: 'org.quartz.core.QuartzScheduler' - running locally.
  NOT STARTED.
  Currently in standby mode.
  Number of jobs executed: 0
  Using thread pool 'org.quartz.simpl.SimpleThreadPool' - with 10 threads.
  Using job-store 'org.springframework.scheduling.quartz.LocalDataSourceJobStore' - which supports persistence. and is clustered.

2022-11-11 09:38:04 INFO  bigData-service-quartz main org.quartz.impl.StdSchedulerFactory Quartz scheduler 'quartzScheduler' initialized from an externally provided properties instance.
2022-11-11 09:38:04 INFO  bigData-service-quartz main org.quartz.impl.StdSchedulerFactory Quartz scheduler version: 2.3.2
2022-11-11 09:38:04 INFO  bigData-service-quartz main org.quartz.core.QuartzScheduler JobFactory set to: org.springframework.scheduling.quartz.SpringBeanJobFactory@36453773
2022-11-11 09:38:04 INFO  bigData-service-quartz main com.zaxxer.hikari.HikariDataSource HikariPool-2 - Starting...
2022-11-11 09:38:04 INFO  bigData-service-quartz main com.zaxxer.hikari.HikariDataSource HikariPool-2 - Start completed.
2022-11-11 09:38:04 INFO  bigData-service-quartz main org.springframework.scheduling.quartz.LocalDataSourceJobStore ClusterManager: detected 1 failed or restarted instances.
2022-11-11 09:38:04 INFO  bigData-service-quartz main org.springframework.scheduling.quartz.LocalDataSourceJobStore ClusterManager: Scanning for instance "stave-zhaodeMacBook-Pro.local1668129825205"'s failed in-progress jobs.
2022-11-11 09:38:04 INFO  bigData-service-quartz main org.quartz.core.QuartzScheduler Scheduler quartzScheduler_$_stave-zhaodeMacBook-Pro.local1668130684691 started.
2022-11-11 09:38:04 INFO  bigData-service-quartz main springfox.documentation.spring.web.PropertySourcedRequestMappingHandlerMapping Mapped URL path [/v2/api-docs] onto method [springfox.documentation.swagger2.web.Swagger2Controller#getDocumentation(String, HttpServletRequest)]
2022-11-11 09:38:05 INFO  bigData-service-quartz main com.netflix.config.sources.URLConfigurationSource To enable URLs as dynamic configuration sources, define System property archaius.configurationSource.additionalUrls or make config.properties available on classpath.
2022-11-11 09:38:05 INFO  bigData-service-quartz main org.springframework.scheduling.concurrent.ThreadPoolTaskExecutor Initializing ExecutorService 'applicationTaskExecutor'
2022-11-11 09:38:05 INFO  bigData-service-quartz main org.springframework.boot.autoconfigure.security.servlet.UserDetailsServiceAutoConfiguration 

Using generated security password: 2839ff4a-2aed-44dc-ba54-dfafdeec8fd9

2022-11-11 09:38:06 INFO  bigData-service-quartz main org.springframework.security.web.DefaultSecurityFilterChain Creating filter chain: any request, [org.springframework.security.web.context.request.async.WebAsyncManagerIntegrationFilter@d2161b6, org.springframework.security.web.context.SecurityContextPersistenceFilter@12b2fcaf, org.springframework.security.web.header.HeaderWriterFilter@39e75e88, org.springframework.security.web.authentication.logout.LogoutFilter@47511582, org.springframework.security.oauth2.provider.authentication.OAuth2AuthenticationProcessingFilter@3c67b7a9, org.springframework.security.web.savedrequest.RequestCacheAwareFilter@1100363d, org.springframework.security.web.servletapi.SecurityContextHolderAwareRequestFilter@66851c18, org.springframework.security.web.authentication.AnonymousAuthenticationFilter@4a7b42db, org.springframework.security.web.session.SessionManagementFilter@656c356c, org.springframework.security.web.access.ExceptionTranslationFilter@7ef706b0, org.springframework.security.web.access.intercept.FilterSecurityInterceptor@7207cb8b]
2022-11-11 09:38:06 INFO  bigData-service-quartz main org.springframework.cloud.netflix.eureka.config.DiscoveryClientOptionalArgsConfiguration Eureka HTTP Client uses Jersey
2022-11-11 09:38:06 INFO  bigData-service-quartz main org.springframework.cloud.netflix.eureka.InstanceInfoFactory Setting initial instance status as: STARTING
2022-11-11 09:38:06 INFO  bigData-service-quartz main com.netflix.discovery.DiscoveryClient Initializing Eureka in region us-east-1
2022-11-11 09:38:06 INFO  bigData-service-quartz main com.netflix.discovery.provider.DiscoveryJerseyProvider Using JSON encoding codec LegacyJacksonJson
2022-11-11 09:38:06 INFO  bigData-service-quartz main com.netflix.discovery.provider.DiscoveryJerseyProvider Using JSON decoding codec LegacyJacksonJson
2022-11-11 09:38:06 INFO  bigData-service-quartz main com.netflix.discovery.provider.DiscoveryJerseyProvider Using XML encoding codec XStreamXml
2022-11-11 09:38:06 INFO  bigData-service-quartz main com.netflix.discovery.provider.DiscoveryJerseyProvider Using XML decoding codec XStreamXml
2022-11-11 09:38:06 INFO  bigData-service-quartz main com.netflix.discovery.shared.resolver.aws.ConfigClusterResolver Resolving eureka endpoints via configuration
2022-11-11 09:38:06 INFO  bigData-service-quartz main com.netflix.discovery.DiscoveryClient Disable delta property : false
2022-11-11 09:38:06 INFO  bigData-service-quartz main com.netflix.discovery.DiscoveryClient Single vip registry refresh property : null
2022-11-11 09:38:06 INFO  bigData-service-quartz main com.netflix.discovery.DiscoveryClient Force full registry fetch : false
2022-11-11 09:38:06 INFO  bigData-service-quartz main com.netflix.discovery.DiscoveryClient Application is null : false
2022-11-11 09:38:06 INFO  bigData-service-quartz main com.netflix.discovery.DiscoveryClient Registered Applications size is zero : true
2022-11-11 09:38:06 INFO  bigData-service-quartz main com.netflix.discovery.DiscoveryClient Application version is -1: true
2022-11-11 09:38:06 INFO  bigData-service-quartz main com.netflix.discovery.DiscoveryClient Getting all instance registry info from the eureka server
2022-11-11 09:38:06 INFO  bigData-service-quartz main com.netflix.discovery.DiscoveryClient The response status is 200
2022-11-11 09:38:06 INFO  bigData-service-quartz main com.netflix.discovery.DiscoveryClient Starting heartbeat executor: renew interval is: 20
2022-11-11 09:38:06 INFO  bigData-service-quartz main com.netflix.discovery.InstanceInfoReplicator InstanceInfoReplicator onDemand update allowed rate per min is 4
2022-11-11 09:38:06 INFO  bigData-service-quartz main com.netflix.discovery.DiscoveryClient Discovery Client initialized at timestamp 1668130686854 with initial instances count: 2
2022-11-11 09:38:06 INFO  bigData-service-quartz main org.springframework.cloud.netflix.eureka.serviceregistry.EurekaServiceRegistry Registering application BIGDATA-SERVICE-QUARTZ with eureka with status UP
2022-11-11 09:38:06 INFO  bigData-service-quartz main com.netflix.discovery.DiscoveryClient Saw local status change event StatusChangeEvent [timestamp=1668130686862, current=UP, previous=STARTING]
2022-11-11 09:38:06 INFO  bigData-service-quartz DiscoveryClient-InstanceInfoReplicator-0 com.netflix.discovery.DiscoveryClient DiscoveryClient_BIGDATA-SERVICE-QUARTZ/192.168.3.3:bigData-service-quartz:8813: registering service...
2022-11-11 09:38:06 INFO  bigData-service-quartz main io.undertow starting server: Undertow - 2.1.4.Final
2022-11-11 09:38:06 INFO  bigData-service-quartz main org.xnio XNIO version 3.8.0.Final
2022-11-11 09:38:06 INFO  bigData-service-quartz main org.xnio.nio XNIO NIO Implementation Version 3.8.0.Final
2022-11-11 09:38:06 INFO  bigData-service-quartz DiscoveryClient-InstanceInfoReplicator-0 com.netflix.discovery.DiscoveryClient DiscoveryClient_BIGDATA-SERVICE-QUARTZ/192.168.3.3:bigData-service-quartz:8813 - registration status: 204
2022-11-11 09:38:06 INFO  bigData-service-quartz main org.jboss.threads JBoss Threads version 3.1.0.Final
2022-11-11 09:38:06 INFO  bigData-service-quartz main org.springframework.boot.web.embedded.undertow.UndertowWebServer Undertow started on port(s) 8813 (http)
2022-11-11 09:38:06 INFO  bigData-service-quartz main org.springframework.cloud.netflix.eureka.serviceregistry.EurekaAutoServiceRegistration Updating port to 8813
2022-11-11 09:38:06 INFO  bigData-service-quartz main springfox.documentation.spring.web.plugins.DocumentationPluginsBootstrapper Context refreshed
2022-11-11 09:38:06 INFO  bigData-service-quartz main springfox.documentation.spring.web.plugins.DocumentationPluginsBootstrapper Found 1 custom documentation plugin(s)
2022-11-11 09:38:07 INFO  bigData-service-quartz main springfox.documentation.spring.web.scanners.ApiListingReferenceScanner Scanning for api listing references
2022-11-11 09:38:07 INFO  bigData-service-quartz main com.bigData.service.quartz.BigDataQuartzApplication Started BigDataQuartzApplication in 7.333 seconds (JVM running for 7.92)
2022-11-11 09:38:07 INFO  bigData-service-quartz RMI TCP Connection(2)-127.0.0.1 io.undertow.servlet Initializing Spring DispatcherServlet 'dispatcherServlet'
2022-11-11 09:38:07 INFO  bigData-service-quartz RMI TCP Connection(2)-127.0.0.1 org.springframework.web.servlet.DispatcherServlet Initializing Servlet 'dispatcherServlet'
2022-11-11 09:38:07 INFO  bigData-service-quartz RMI TCP Connection(2)-127.0.0.1 org.springframework.web.servlet.DispatcherServlet Completed initialization in 12 ms
2022-11-11 09:38:07 INFO  bigData-service-quartz RMI TCP Connection(3)-127.0.0.1 org.springframework.cloud.config.client.ConfigServicePropertySourceLocator Fetching config from server at : http://localhost:8611/
2022-11-11 09:38:07 INFO  bigData-service-quartz RMI TCP Connection(3)-127.0.0.1 org.springframework.cloud.config.client.ConfigServicePropertySourceLocator Located environment: name=bigData-service-quartz, profiles=[dev], label=null, version=null, state=null
2022-11-11 09:40:25 INFO  bigData-service-quartz SpringContextShutdownHook org.springframework.cloud.netflix.eureka.serviceregistry.EurekaServiceRegistry Unregistering application BIGDATA-SERVICE-QUARTZ with eureka with status DOWN
2022-11-11 09:40:25 INFO  bigData-service-quartz DiscoveryClient-InstanceInfoReplicator-0 com.netflix.discovery.DiscoveryClient DiscoveryClient_BIGDATA-SERVICE-QUARTZ/192.168.3.3:bigData-service-quartz:8813: registering service...
2022-11-11 09:40:25 INFO  bigData-service-quartz SpringContextShutdownHook org.quartz.core.QuartzScheduler Scheduler quartzScheduler_$_stave-zhaodeMacBook-Pro.local1668130684691 paused.
2022-11-11 09:40:25 INFO  bigData-service-quartz SpringContextShutdownHook io.undertow stopping server: Undertow - 2.1.4.Final
2022-11-11 09:40:25 INFO  bigData-service-quartz DiscoveryClient-InstanceInfoReplicator-0 com.netflix.discovery.shared.transport.decorator.RedirectingEurekaHttpClient Request execution error. endpoint=DefaultEndpoint{ serviceUrl='http://localhost:8610/eureka/} exception=java.net.ConnectException: Connection refused (Connection refused) stacktrace=com.sun.jersey.api.client.ClientHandlerException: java.net.ConnectException: Connection refused (Connection refused)
	at com.sun.jersey.client.apache4.ApacheHttpClient4Handler.handle(ApacheHttpClient4Handler.java:187)
	at com.sun.jersey.api.client.filter.GZIPContentEncodingFilter.handle(GZIPContentEncodingFilter.java:123)
	at com.netflix.discovery.EurekaIdentityHeaderFilter.handle(EurekaIdentityHeaderFilter.java:27)
	at com.sun.jersey.api.client.Client.handle(Client.java:652)
	at com.sun.jersey.api.client.WebResource.handle(WebResource.java:682)
	at com.sun.jersey.api.client.WebResource.access$200(WebResource.java:74)
	at com.sun.jersey.api.client.WebResource$Builder.post(WebResource.java:570)
	at com.netflix.discovery.shared.transport.jersey.AbstractJerseyEurekaHttpClient.register(AbstractJerseyEurekaHttpClient.java:57)
	at com.netflix.discovery.shared.transport.decorator.EurekaHttpClientDecorator$1.execute(EurekaHttpClientDecorator.java:59)
	at com.netflix.discovery.shared.transport.decorator.MetricsCollectingEurekaHttpClient.execute(MetricsCollectingEurekaHttpClient.java:73)
	at com.netflix.discovery.shared.transport.decorator.EurekaHttpClientDecorator.register(EurekaHttpClientDecorator.java:56)
	at com.netflix.discovery.shared.transport.decorator.EurekaHttpClientDecorator$1.execute(EurekaHttpClientDecorator.java:59)
	at com.netflix.discovery.shared.transport.decorator.RedirectingEurekaHttpClient.execute(RedirectingEurekaHttpClient.java:91)
	at com.netflix.discovery.shared.transport.decorator.EurekaHttpClientDecorator.register(EurekaHttpClientDecorator.java:56)
	at com.netflix.discovery.shared.transport.decorator.EurekaHttpClientDecorator$1.execute(EurekaHttpClientDecorator.java:59)
	at com.netflix.discovery.shared.transport.decorator.RetryableEurekaHttpClient.execute(RetryableEurekaHttpClient.java:120)
	at com.netflix.discovery.shared.transport.decorator.EurekaHttpClientDecorator.register(EurekaHttpClientDecorator.java:56)
	at com.netflix.discovery.shared.transport.decorator.EurekaHttpClientDecorator$1.execute(EurekaHttpClientDecorator.java:59)
	at com.netflix.discovery.shared.transport.decorator.SessionedEurekaHttpClient.execute(SessionedEurekaHttpClient.java:77)
	at com.netflix.discovery.shared.transport.decorator.EurekaHttpClientDecorator.register(EurekaHttpClientDecorator.java:56)
	at com.netflix.discovery.DiscoveryClient.register(DiscoveryClient.java:876)
	at com.netflix.discovery.InstanceInfoReplicator.run(InstanceInfoReplicator.java:121)
	at com.netflix.discovery.InstanceInfoReplicator$1.run(InstanceInfoReplicator.java:101)
	at java.util.concurrent.Executors$RunnableAdapter.call(Executors.java:511)
	at java.util.concurrent.FutureTask.run(FutureTask.java:266)
	at java.util.concurrent.ScheduledThreadPoolExecutor$ScheduledFutureTask.access$201(ScheduledThreadPoolExecutor.java:180)
	at java.util.concurrent.ScheduledThreadPoolExecutor$ScheduledFutureTask.run(ScheduledThreadPoolExecutor.java:293)
	at java.util.concurrent.ThreadPoolExecutor.runWorker(ThreadPoolExecutor.java:1149)
	at java.util.concurrent.ThreadPoolExecutor$Worker.run(ThreadPoolExecutor.java:624)
	at java.lang.Thread.run(Thread.java:748)
Caused by: java.net.ConnectException: Connection refused (Connection refused)
	at java.net.PlainSocketImpl.socketConnect(Native Method)
	at java.net.AbstractPlainSocketImpl.doConnect(AbstractPlainSocketImpl.java:350)
	at java.net.AbstractPlainSocketImpl.connectToAddress(AbstractPlainSocketImpl.java:206)
	at java.net.AbstractPlainSocketImpl.connect(AbstractPlainSocketImpl.java:188)
	at java.net.SocksSocketImpl.connect(SocksSocketImpl.java:392)
	at java.net.Socket.connect(Socket.java:607)
	at org.apache.http.conn.scheme.PlainSocketFactory.connectSocket(PlainSocketFactory.java:121)
	at org.apache.http.impl.conn.DefaultClientConnectionOperator.openConnection(DefaultClientConnectionOperator.java:180)
	at org.apache.http.impl.conn.AbstractPoolEntry.open(AbstractPoolEntry.java:144)
	at org.apache.http.impl.conn.AbstractPooledConnAdapter.open(AbstractPooledConnAdapter.java:134)
	at org.apache.http.impl.client.DefaultRequestDirector.tryConnect(DefaultRequestDirector.java:605)
	at org.apache.http.impl.client.DefaultRequestDirector.execute(DefaultRequestDirector.java:440)
	at org.apache.http.impl.client.AbstractHttpClient.doExecute(AbstractHttpClient.java:835)
	at org.apache.http.impl.client.CloseableHttpClient.execute(CloseableHttpClient.java:118)
	at org.apache.http.impl.client.CloseableHttpClient.execute(CloseableHttpClient.java:56)
	at com.sun.jersey.client.apache4.ApacheHttpClient4Handler.handle(ApacheHttpClient4Handler.java:173)
	... 29 more

2022-11-11 09:40:25 INFO  bigData-service-quartz SpringContextShutdownHook io.undertow.servlet Destroying Spring FrameworkServlet 'dispatcherServlet'
2022-11-11 09:40:25 INFO  bigData-service-quartz DiscoveryClient-InstanceInfoReplicator-0 com.netflix.discovery.shared.transport.decorator.RedirectingEurekaHttpClient Request execution error. endpoint=DefaultEndpoint{ serviceUrl='http://localhost:8610/eureka/}, exception=java.net.ConnectException: Connection refused (Connection refused) stacktrace=com.sun.jersey.api.client.ClientHandlerException: java.net.ConnectException: Connection refused (Connection refused)
	at com.sun.jersey.client.apache4.ApacheHttpClient4Handler.handle(ApacheHttpClient4Handler.java:187)
	at com.sun.jersey.api.client.filter.GZIPContentEncodingFilter.handle(GZIPContentEncodingFilter.java:123)
	at com.netflix.discovery.EurekaIdentityHeaderFilter.handle(EurekaIdentityHeaderFilter.java:27)
	at com.sun.jersey.api.client.Client.handle(Client.java:652)
	at com.sun.jersey.api.client.WebResource.handle(WebResource.java:682)
	at com.sun.jersey.api.client.WebResource.access$200(WebResource.java:74)
	at com.sun.jersey.api.client.WebResource$Builder.post(WebResource.java:570)
	at com.netflix.discovery.shared.transport.jersey.AbstractJerseyEurekaHttpClient.register(AbstractJerseyEurekaHttpClient.java:57)
	at com.netflix.discovery.shared.transport.decorator.EurekaHttpClientDecorator$1.execute(EurekaHttpClientDecorator.java:59)
	at com.netflix.discovery.shared.transport.decorator.MetricsCollectingEurekaHttpClient.execute(MetricsCollectingEurekaHttpClient.java:73)
	at com.netflix.discovery.shared.transport.decorator.EurekaHttpClientDecorator.register(EurekaHttpClientDecorator.java:56)
	at com.netflix.discovery.shared.transport.decorator.EurekaHttpClientDecorator$1.execute(EurekaHttpClientDecorator.java:59)
	at com.netflix.discovery.shared.transport.decorator.RedirectingEurekaHttpClient.executeOnNewServer(RedirectingEurekaHttpClient.java:121)
	at com.netflix.discovery.shared.transport.decorator.RedirectingEurekaHttpClient.execute(RedirectingEurekaHttpClient.java:80)
	at com.netflix.discovery.shared.transport.decorator.EurekaHttpClientDecorator.register(EurekaHttpClientDecorator.java:56)
	at com.netflix.discovery.shared.transport.decorator.EurekaHttpClientDecorator$1.execute(EurekaHttpClientDecorator.java:59)
	at com.netflix.discovery.shared.transport.decorator.RetryableEurekaHttpClient.execute(RetryableEurekaHttpClient.java:120)
	at com.netflix.discovery.shared.transport.decorator.EurekaHttpClientDecorator.register(EurekaHttpClientDecorator.java:56)
	at com.netflix.discovery.shared.transport.decorator.EurekaHttpClientDecorator$1.execute(EurekaHttpClientDecorator.java:59)
	at com.netflix.discovery.shared.transport.decorator.SessionedEurekaHttpClient.execute(SessionedEurekaHttpClient.java:77)
	at com.netflix.discovery.shared.transport.decorator.EurekaHttpClientDecorator.register(EurekaHttpClientDecorator.java:56)
	at com.netflix.discovery.DiscoveryClient.register(DiscoveryClient.java:876)
	at com.netflix.discovery.InstanceInfoReplicator.run(InstanceInfoReplicator.java:121)
	at com.netflix.discovery.InstanceInfoReplicator$1.run(InstanceInfoReplicator.java:101)
	at java.util.concurrent.Executors$RunnableAdapter.call(Executors.java:511)
	at java.util.concurrent.FutureTask.run(FutureTask.java:266)
	at java.util.concurrent.ScheduledThreadPoolExecutor$ScheduledFutureTask.access$201(ScheduledThreadPoolExecutor.java:180)
	at java.util.concurrent.ScheduledThreadPoolExecutor$ScheduledFutureTask.run(ScheduledThreadPoolExecutor.java:293)
	at java.util.concurrent.ThreadPoolExecutor.runWorker(ThreadPoolExecutor.java:1149)
	at java.util.concurrent.ThreadPoolExecutor$Worker.run(ThreadPoolExecutor.java:624)
	at java.lang.Thread.run(Thread.java:748)
Caused by: java.net.ConnectException: Connection refused (Connection refused)
	at java.net.PlainSocketImpl.socketConnect(Native Method)
	at java.net.AbstractPlainSocketImpl.doConnect(AbstractPlainSocketImpl.java:350)
	at java.net.AbstractPlainSocketImpl.connectToAddress(AbstractPlainSocketImpl.java:206)
	at java.net.AbstractPlainSocketImpl.connect(AbstractPlainSocketImpl.java:188)
	at java.net.SocksSocketImpl.connect(SocksSocketImpl.java:392)
	at java.net.Socket.connect(Socket.java:607)
	at org.apache.http.conn.scheme.PlainSocketFactory.connectSocket(PlainSocketFactory.java:121)
	at org.apache.http.impl.conn.DefaultClientConnectionOperator.openConnection(DefaultClientConnectionOperator.java:180)
	at org.apache.http.impl.conn.AbstractPoolEntry.open(AbstractPoolEntry.java:144)
	at org.apache.http.impl.conn.AbstractPooledConnAdapter.open(AbstractPooledConnAdapter.java:134)
	at org.apache.http.impl.client.DefaultRequestDirector.tryConnect(DefaultRequestDirector.java:605)
	at org.apache.http.impl.client.DefaultRequestDirector.execute(DefaultRequestDirector.java:440)
	at org.apache.http.impl.client.AbstractHttpClient.doExecute(AbstractHttpClient.java:835)
	at org.apache.http.impl.client.CloseableHttpClient.execute(CloseableHttpClient.java:118)
	at org.apache.http.impl.client.CloseableHttpClient.execute(CloseableHttpClient.java:56)
	at com.sun.jersey.client.apache4.ApacheHttpClient4Handler.handle(ApacheHttpClient4Handler.java:173)
	... 30 more

2022-11-11 09:40:25 INFO  bigData-service-quartz SpringContextShutdownHook org.springframework.scheduling.concurrent.ThreadPoolTaskExecutor Shutting down ExecutorService 'applicationTaskExecutor'
2022-11-11 09:40:25 INFO  bigData-service-quartz SpringContextShutdownHook org.quartz.core.QuartzScheduler Scheduler quartzScheduler_$_stave-zhaodeMacBook-Pro.local1668130684691 shutting down.
2022-11-11 09:40:25 INFO  bigData-service-quartz SpringContextShutdownHook org.quartz.core.QuartzScheduler Scheduler quartzScheduler_$_stave-zhaodeMacBook-Pro.local1668130684691 paused.
2022-11-11 09:40:25 INFO  bigData-service-quartz SpringContextShutdownHook org.quartz.core.QuartzScheduler Scheduler quartzScheduler_$_stave-zhaodeMacBook-Pro.local1668130684691 shutdown complete.
2022-11-11 09:40:25 INFO  bigData-service-quartz SpringContextShutdownHook org.springframework.scheduling.quartz.SchedulerFactoryBean Shutting down Quartz Scheduler
2022-11-11 09:40:25 INFO  bigData-service-quartz SpringContextShutdownHook com.zaxxer.hikari.HikariDataSource HikariPool-1 - Shutdown initiated...
2022-11-11 09:40:25 INFO  bigData-service-quartz SpringContextShutdownHook com.zaxxer.hikari.HikariDataSource HikariPool-1 - Shutdown completed.
2022-11-11 09:40:25 INFO  bigData-service-quartz SpringContextShutdownHook com.zaxxer.hikari.HikariDataSource HikariPool-2 - Shutdown initiated...
2022-11-11 09:40:25 INFO  bigData-service-quartz SpringContextShutdownHook com.zaxxer.hikari.HikariDataSource HikariPool-2 - Shutdown completed.
2022-11-11 09:40:25 INFO  bigData-service-quartz SpringContextShutdownHook com.netflix.discovery.DiscoveryClient Shutting down DiscoveryClient ...
2022-11-11 09:40:26 INFO  bigData-service-quartz DiscoveryClient-HeartbeatExecutor-0 com.netflix.discovery.shared.transport.decorator.RedirectingEurekaHttpClient Request execution error. endpoint=DefaultEndpoint{ serviceUrl='http://localhost:8610/eureka/}, exception=java.net.ConnectException: Connection refused (Connection refused) stacktrace=com.sun.jersey.api.client.ClientHandlerException: java.net.ConnectException: Connection refused (Connection refused)
	at com.sun.jersey.client.apache4.ApacheHttpClient4Handler.handle(ApacheHttpClient4Handler.java:187)
	at com.sun.jersey.api.client.filter.GZIPContentEncodingFilter.handle(GZIPContentEncodingFilter.java:123)
	at com.netflix.discovery.EurekaIdentityHeaderFilter.handle(EurekaIdentityHeaderFilter.java:27)
	at com.sun.jersey.api.client.Client.handle(Client.java:652)
	at com.sun.jersey.api.client.WebResource.handle(WebResource.java:682)
	at com.sun.jersey.api.client.WebResource.access$200(WebResource.java:74)
	at com.sun.jersey.api.client.WebResource$Builder.put(WebResource.java:529)
	at com.netflix.discovery.shared.transport.jersey.AbstractJerseyEurekaHttpClient.sendHeartBeat(AbstractJerseyEurekaHttpClient.java:103)
	at com.netflix.discovery.shared.transport.decorator.EurekaHttpClientDecorator$3.execute(EurekaHttpClientDecorator.java:92)
	at com.netflix.discovery.shared.transport.decorator.MetricsCollectingEurekaHttpClient.execute(MetricsCollectingEurekaHttpClient.java:73)
	at com.netflix.discovery.shared.transport.decorator.EurekaHttpClientDecorator.sendHeartBeat(EurekaHttpClientDecorator.java:89)
	at com.netflix.discovery.shared.transport.decorator.EurekaHttpClientDecorator$3.execute(EurekaHttpClientDecorator.java:92)
	at com.netflix.discovery.shared.transport.decorator.RedirectingEurekaHttpClient.executeOnNewServer(RedirectingEurekaHttpClient.java:121)
	at com.netflix.discovery.shared.transport.decorator.RedirectingEurekaHttpClient.execute(RedirectingEurekaHttpClient.java:80)
	at com.netflix.discovery.shared.transport.decorator.EurekaHttpClientDecorator.sendHeartBeat(EurekaHttpClientDecorator.java:89)
	at com.netflix.discovery.shared.transport.decorator.EurekaHttpClientDecorator$3.execute(EurekaHttpClientDecorator.java:92)
	at com.netflix.discovery.shared.transport.decorator.RetryableEurekaHttpClient.execute(RetryableEurekaHttpClient.java:120)
	at com.netflix.discovery.shared.transport.decorator.EurekaHttpClientDecorator.sendHeartBeat(EurekaHttpClientDecorator.java:89)
	at com.netflix.discovery.shared.transport.decorator.EurekaHttpClientDecorator$3.execute(EurekaHttpClientDecorator.java:92)
	at com.netflix.discovery.shared.transport.decorator.SessionedEurekaHttpClient.execute(SessionedEurekaHttpClient.java:77)
	at com.netflix.discovery.shared.transport.decorator.EurekaHttpClientDecorator.sendHeartBeat(EurekaHttpClientDecorator.java:89)
	at com.netflix.discovery.DiscoveryClient.renew(DiscoveryClient.java:893)
	at com.netflix.discovery.DiscoveryClient$HeartbeatThread.run(DiscoveryClient.java:1461)
	at java.util.concurrent.Executors$RunnableAdapter.call(Executors.java:511)
	at java.util.concurrent.FutureTask.run(FutureTask.java:266)
	at java.util.concurrent.ThreadPoolExecutor.runWorker(ThreadPoolExecutor.java:1149)
	at java.util.concurrent.ThreadPoolExecutor$Worker.run(ThreadPoolExecutor.java:624)
	at java.lang.Thread.run(Thread.java:748)
Caused by: java.net.ConnectException: Connection refused (Connection refused)
	at java.net.PlainSocketImpl.socketConnect(Native Method)
	at java.net.AbstractPlainSocketImpl.doConnect(AbstractPlainSocketImpl.java:350)
	at java.net.AbstractPlainSocketImpl.connectToAddress(AbstractPlainSocketImpl.java:206)
	at java.net.AbstractPlainSocketImpl.connect(AbstractPlainSocketImpl.java:188)
	at java.net.SocksSocketImpl.connect(SocksSocketImpl.java:392)
	at java.net.Socket.connect(Socket.java:607)
	at org.apache.http.conn.scheme.PlainSocketFactory.connectSocket(PlainSocketFactory.java:121)
	at org.apache.http.impl.conn.DefaultClientConnectionOperator.openConnection(DefaultClientConnectionOperator.java:180)
	at org.apache.http.impl.conn.AbstractPoolEntry.open(AbstractPoolEntry.java:144)
	at org.apache.http.impl.conn.AbstractPooledConnAdapter.open(AbstractPooledConnAdapter.java:134)
	at org.apache.http.impl.client.DefaultRequestDirector.tryConnect(DefaultRequestDirector.java:605)
	at org.apache.http.impl.client.DefaultRequestDirector.execute(DefaultRequestDirector.java:440)
	at org.apache.http.impl.client.AbstractHttpClient.doExecute(AbstractHttpClient.java:835)
	at org.apache.http.impl.client.CloseableHttpClient.execute(CloseableHttpClient.java:118)
	at org.apache.http.impl.client.CloseableHttpClient.execute(CloseableHttpClient.java:56)
	at com.sun.jersey.client.apache4.ApacheHttpClient4Handler.handle(ApacheHttpClient4Handler.java:173)
	... 27 more

2022-11-11 09:40:28 INFO  bigData-service-quartz DiscoveryClient-CacheRefreshExecutor-0 com.netflix.discovery.shared.transport.decorator.RedirectingEurekaHttpClient Request execution error. endpoint=DefaultEndpoint{ serviceUrl='http://localhost:8610/eureka/} exception=java.net.ConnectException: Connection refused (Connection refused) stacktrace=com.sun.jersey.api.client.ClientHandlerException: java.net.ConnectException: Connection refused (Connection refused)
	at com.sun.jersey.client.apache4.ApacheHttpClient4Handler.handle(ApacheHttpClient4Handler.java:187)
	at com.sun.jersey.api.client.filter.GZIPContentEncodingFilter.handle(GZIPContentEncodingFilter.java:123)
	at com.netflix.discovery.EurekaIdentityHeaderFilter.handle(EurekaIdentityHeaderFilter.java:27)
	at com.sun.jersey.api.client.Client.handle(Client.java:652)
	at com.sun.jersey.api.client.WebResource.handle(WebResource.java:682)
	at com.sun.jersey.api.client.WebResource.access$200(WebResource.java:74)
	at com.sun.jersey.api.client.WebResource$Builder.get(WebResource.java:509)
	at com.netflix.discovery.shared.transport.jersey.AbstractJerseyEurekaHttpClient.getApplicationsInternal(AbstractJerseyEurekaHttpClient.java:196)
	at com.netflix.discovery.shared.transport.jersey.AbstractJerseyEurekaHttpClient.getDelta(AbstractJerseyEurekaHttpClient.java:172)
	at com.netflix.discovery.shared.transport.decorator.EurekaHttpClientDecorator$7.execute(EurekaHttpClientDecorator.java:152)
	at com.netflix.discovery.shared.transport.decorator.MetricsCollectingEurekaHttpClient.execute(MetricsCollectingEurekaHttpClient.java:73)
	at com.netflix.discovery.shared.transport.decorator.EurekaHttpClientDecorator.getDelta(EurekaHttpClientDecorator.java:149)
	at com.netflix.discovery.shared.transport.decorator.EurekaHttpClientDecorator$7.execute(EurekaHttpClientDecorator.java:152)
	at com.netflix.discovery.shared.transport.decorator.RedirectingEurekaHttpClient.execute(RedirectingEurekaHttpClient.java:91)
	at com.netflix.discovery.shared.transport.decorator.EurekaHttpClientDecorator.getDelta(EurekaHttpClientDecorator.java:149)
	at com.netflix.discovery.shared.transport.decorator.EurekaHttpClientDecorator$7.execute(EurekaHttpClientDecorator.java:152)
	at com.netflix.discovery.shared.transport.decorator.RetryableEurekaHttpClient.execute(RetryableEurekaHttpClient.java:120)
	at com.netflix.discovery.shared.transport.decorator.EurekaHttpClientDecorator.getDelta(EurekaHttpClientDecorator.java:149)
	at com.netflix.discovery.shared.transport.decorator.EurekaHttpClientDecorator$7.execute(EurekaHttpClientDecorator.java:152)
	at com.netflix.discovery.shared.transport.decorator.SessionedEurekaHttpClient.execute(SessionedEurekaHttpClient.java:77)
	at com.netflix.discovery.shared.transport.decorator.EurekaHttpClientDecorator.getDelta(EurekaHttpClientDecorator.java:149)
	at com.netflix.discovery.DiscoveryClient.getAndUpdateDelta(DiscoveryClient.java:1135)
	at com.netflix.discovery.DiscoveryClient.fetchRegistry(DiscoveryClient.java:1016)
	at com.netflix.discovery.DiscoveryClient.refreshRegistry(DiscoveryClient.java:1535)
	at com.netflix.discovery.DiscoveryClient$CacheRefreshThread.run(DiscoveryClient.java:1502)
	at java.util.concurrent.Executors$RunnableAdapter.call(Executors.java:511)
	at java.util.concurrent.FutureTask.run(FutureTask.java:266)
	at java.util.concurrent.ThreadPoolExecutor.runWorker(ThreadPoolExecutor.java:1149)
	at java.util.concurrent.ThreadPoolExecutor$Worker.run(ThreadPoolExecutor.java:624)
	at java.lang.Thread.run(Thread.java:748)
Caused by: java.net.ConnectException: Connection refused (Connection refused)
	at java.net.PlainSocketImpl.socketConnect(Native Method)
	at java.net.AbstractPlainSocketImpl.doConnect(AbstractPlainSocketImpl.java:350)
	at java.net.AbstractPlainSocketImpl.connectToAddress(AbstractPlainSocketImpl.java:206)
	at java.net.AbstractPlainSocketImpl.connect(AbstractPlainSocketImpl.java:188)
	at java.net.SocksSocketImpl.connect(SocksSocketImpl.java:392)
	at java.net.Socket.connect(Socket.java:607)
	at org.apache.http.conn.scheme.PlainSocketFactory.connectSocket(PlainSocketFactory.java:121)
	at org.apache.http.impl.conn.DefaultClientConnectionOperator.openConnection(DefaultClientConnectionOperator.java:180)
	at org.apache.http.impl.conn.AbstractPoolEntry.open(AbstractPoolEntry.java:144)
	at org.apache.http.impl.conn.AbstractPooledConnAdapter.open(AbstractPooledConnAdapter.java:134)
	at org.apache.http.impl.client.DefaultRequestDirector.tryConnect(DefaultRequestDirector.java:605)
	at org.apache.http.impl.client.DefaultRequestDirector.execute(DefaultRequestDirector.java:440)
	at org.apache.http.impl.client.AbstractHttpClient.doExecute(AbstractHttpClient.java:835)
	at org.apache.http.impl.client.CloseableHttpClient.execute(CloseableHttpClient.java:118)
	at org.apache.http.impl.client.CloseableHttpClient.execute(CloseableHttpClient.java:56)
	at com.sun.jersey.client.apache4.ApacheHttpClient4Handler.handle(ApacheHttpClient4Handler.java:173)
	... 29 more

2022-11-11 09:40:28 INFO  bigData-service-quartz DiscoveryClient-CacheRefreshExecutor-0 com.netflix.discovery.shared.transport.decorator.RedirectingEurekaHttpClient Request execution error. endpoint=DefaultEndpoint{ serviceUrl='http://localhost:8610/eureka/}, exception=java.net.ConnectException: Connection refused (Connection refused) stacktrace=com.sun.jersey.api.client.ClientHandlerException: java.net.ConnectException: Connection refused (Connection refused)
	at com.sun.jersey.client.apache4.ApacheHttpClient4Handler.handle(ApacheHttpClient4Handler.java:187)
	at com.sun.jersey.api.client.filter.GZIPContentEncodingFilter.handle(GZIPContentEncodingFilter.java:123)
	at com.netflix.discovery.EurekaIdentityHeaderFilter.handle(EurekaIdentityHeaderFilter.java:27)
	at com.sun.jersey.api.client.Client.handle(Client.java:652)
	at com.sun.jersey.api.client.WebResource.handle(WebResource.java:682)
	at com.sun.jersey.api.client.WebResource.access$200(WebResource.java:74)
	at com.sun.jersey.api.client.WebResource$Builder.get(WebResource.java:509)
	at com.netflix.discovery.shared.transport.jersey.AbstractJerseyEurekaHttpClient.getApplicationsInternal(AbstractJerseyEurekaHttpClient.java:196)
	at com.netflix.discovery.shared.transport.jersey.AbstractJerseyEurekaHttpClient.getDelta(AbstractJerseyEurekaHttpClient.java:172)
	at com.netflix.discovery.shared.transport.decorator.EurekaHttpClientDecorator$7.execute(EurekaHttpClientDecorator.java:152)
	at com.netflix.discovery.shared.transport.decorator.MetricsCollectingEurekaHttpClient.execute(MetricsCollectingEurekaHttpClient.java:73)
	at com.netflix.discovery.shared.transport.decorator.EurekaHttpClientDecorator.getDelta(EurekaHttpClientDecorator.java:149)
	at com.netflix.discovery.shared.transport.decorator.EurekaHttpClientDecorator$7.execute(EurekaHttpClientDecorator.java:152)
	at com.netflix.discovery.shared.transport.decorator.RedirectingEurekaHttpClient.executeOnNewServer(RedirectingEurekaHttpClient.java:121)
	at com.netflix.discovery.shared.transport.decorator.RedirectingEurekaHttpClient.execute(RedirectingEurekaHttpClient.java:80)
	at com.netflix.discovery.shared.transport.decorator.EurekaHttpClientDecorator.getDelta(EurekaHttpClientDecorator.java:149)
	at com.netflix.discovery.shared.transport.decorator.EurekaHttpClientDecorator$7.execute(EurekaHttpClientDecorator.java:152)
	at com.netflix.discovery.shared.transport.decorator.RetryableEurekaHttpClient.execute(RetryableEurekaHttpClient.java:120)
	at com.netflix.discovery.shared.transport.decorator.EurekaHttpClientDecorator.getDelta(EurekaHttpClientDecorator.java:149)
	at com.netflix.discovery.shared.transport.decorator.EurekaHttpClientDecorator$7.execute(EurekaHttpClientDecorator.java:152)
	at com.netflix.discovery.shared.transport.decorator.SessionedEurekaHttpClient.execute(SessionedEurekaHttpClient.java:77)
	at com.netflix.discovery.shared.transport.decorator.EurekaHttpClientDecorator.getDelta(EurekaHttpClientDecorator.java:149)
	at com.netflix.discovery.DiscoveryClient.getAndUpdateDelta(DiscoveryClient.java:1135)
	at com.netflix.discovery.DiscoveryClient.fetchRegistry(DiscoveryClient.java:1016)
	at com.netflix.discovery.DiscoveryClient.refreshRegistry(DiscoveryClient.java:1535)
	at com.netflix.discovery.DiscoveryClient$CacheRefreshThread.run(DiscoveryClient.java:1502)
	at java.util.concurrent.Executors$RunnableAdapter.call(Executors.java:511)
	at java.util.concurrent.FutureTask.run(FutureTask.java:266)
	at java.util.concurrent.ThreadPoolExecutor.runWorker(ThreadPoolExecutor.java:1149)
	at java.util.concurrent.ThreadPoolExecutor$Worker.run(ThreadPoolExecutor.java:624)
	at java.lang.Thread.run(Thread.java:748)
Caused by: java.net.ConnectException: Connection refused (Connection refused)
	at java.net.PlainSocketImpl.socketConnect(Native Method)
	at java.net.AbstractPlainSocketImpl.doConnect(AbstractPlainSocketImpl.java:350)
	at java.net.AbstractPlainSocketImpl.connectToAddress(AbstractPlainSocketImpl.java:206)
	at java.net.AbstractPlainSocketImpl.connect(AbstractPlainSocketImpl.java:188)
	at java.net.SocksSocketImpl.connect(SocksSocketImpl.java:392)
	at java.net.Socket.connect(Socket.java:607)
	at org.apache.http.conn.scheme.PlainSocketFactory.connectSocket(PlainSocketFactory.java:121)
	at org.apache.http.impl.conn.DefaultClientConnectionOperator.openConnection(DefaultClientConnectionOperator.java:180)
	at org.apache.http.impl.conn.AbstractPoolEntry.open(AbstractPoolEntry.java:144)
	at org.apache.http.impl.conn.AbstractPooledConnAdapter.open(AbstractPooledConnAdapter.java:134)
	at org.apache.http.impl.client.DefaultRequestDirector.tryConnect(DefaultRequestDirector.java:605)
	at org.apache.http.impl.client.DefaultRequestDirector.execute(DefaultRequestDirector.java:440)
	at org.apache.http.impl.client.AbstractHttpClient.doExecute(AbstractHttpClient.java:835)
	at org.apache.http.impl.client.CloseableHttpClient.execute(CloseableHttpClient.java:118)
	at org.apache.http.impl.client.CloseableHttpClient.execute(CloseableHttpClient.java:56)
	at com.sun.jersey.client.apache4.ApacheHttpClient4Handler.handle(ApacheHttpClient4Handler.java:173)
	... 30 more

2022-11-11 09:40:28 INFO  bigData-service-quartz DiscoveryClient-CacheRefreshExecutor-0 com.netflix.discovery.DiscoveryClient DiscoveryClient_BIGDATA-SERVICE-QUARTZ/192.168.3.3:bigData-service-quartz:8813 - was unable to refresh its cache! This periodic background refresh will be retried in 3 seconds. status = Cannot execute request on any known server stacktrace = com.netflix.discovery.shared.transport.TransportException: Cannot execute request on any known server
	at com.netflix.discovery.shared.transport.decorator.RetryableEurekaHttpClient.execute(RetryableEurekaHttpClient.java:112)
	at com.netflix.discovery.shared.transport.decorator.EurekaHttpClientDecorator.getDelta(EurekaHttpClientDecorator.java:149)
	at com.netflix.discovery.shared.transport.decorator.EurekaHttpClientDecorator$7.execute(EurekaHttpClientDecorator.java:152)
	at com.netflix.discovery.shared.transport.decorator.SessionedEurekaHttpClient.execute(SessionedEurekaHttpClient.java:77)
	at com.netflix.discovery.shared.transport.decorator.EurekaHttpClientDecorator.getDelta(EurekaHttpClientDecorator.java:149)
	at com.netflix.discovery.DiscoveryClient.getAndUpdateDelta(DiscoveryClient.java:1135)
	at com.netflix.discovery.DiscoveryClient.fetchRegistry(DiscoveryClient.java:1016)
	at com.netflix.discovery.DiscoveryClient.refreshRegistry(DiscoveryClient.java:1535)
	at com.netflix.discovery.DiscoveryClient$CacheRefreshThread.run(DiscoveryClient.java:1502)
	at java.util.concurrent.Executors$RunnableAdapter.call(Executors.java:511)
	at java.util.concurrent.FutureTask.run(FutureTask.java:266)
	at java.util.concurrent.ThreadPoolExecutor.runWorker(ThreadPoolExecutor.java:1149)
	at java.util.concurrent.ThreadPoolExecutor$Worker.run(ThreadPoolExecutor.java:624)
	at java.lang.Thread.run(Thread.java:748)

2022-11-11 09:40:28 INFO  bigData-service-quartz SpringContextShutdownHook com.netflix.discovery.DiscoveryClient Unregistering ...
2022-11-11 09:40:28 INFO  bigData-service-quartz SpringContextShutdownHook com.netflix.discovery.shared.transport.decorator.RedirectingEurekaHttpClient Request execution error. endpoint=DefaultEndpoint{ serviceUrl='http://localhost:8610/eureka/}, exception=java.net.ConnectException: Connection refused (Connection refused) stacktrace=com.sun.jersey.api.client.ClientHandlerException: java.net.ConnectException: Connection refused (Connection refused)
	at com.sun.jersey.client.apache4.ApacheHttpClient4Handler.handle(ApacheHttpClient4Handler.java:187)
	at com.sun.jersey.api.client.filter.GZIPContentEncodingFilter.handle(GZIPContentEncodingFilter.java:123)
	at com.netflix.discovery.EurekaIdentityHeaderFilter.handle(EurekaIdentityHeaderFilter.java:27)
	at com.sun.jersey.api.client.Client.handle(Client.java:652)
	at com.sun.jersey.api.client.WebResource.handle(WebResource.java:682)
	at com.sun.jersey.api.client.WebResource.access$200(WebResource.java:74)
	at com.sun.jersey.api.client.WebResource$Builder.delete(WebResource.java:591)
	at com.netflix.discovery.shared.transport.jersey.AbstractJerseyEurekaHttpClient.cancel(AbstractJerseyEurekaHttpClient.java:77)
	at com.netflix.discovery.shared.transport.decorator.EurekaHttpClientDecorator$2.execute(EurekaHttpClientDecorator.java:74)
	at com.netflix.discovery.shared.transport.decorator.MetricsCollectingEurekaHttpClient.execute(MetricsCollectingEurekaHttpClient.java:73)
	at com.netflix.discovery.shared.transport.decorator.EurekaHttpClientDecorator.cancel(EurekaHttpClientDecorator.java:71)
	at com.netflix.discovery.shared.transport.decorator.EurekaHttpClientDecorator$2.execute(EurekaHttpClientDecorator.java:74)
	at com.netflix.discovery.shared.transport.decorator.RedirectingEurekaHttpClient.executeOnNewServer(RedirectingEurekaHttpClient.java:121)
	at com.netflix.discovery.shared.transport.decorator.RedirectingEurekaHttpClient.execute(RedirectingEurekaHttpClient.java:80)
	at com.netflix.discovery.shared.transport.decorator.EurekaHttpClientDecorator.cancel(EurekaHttpClientDecorator.java:71)
	at com.netflix.discovery.shared.transport.decorator.EurekaHttpClientDecorator$2.execute(EurekaHttpClientDecorator.java:74)
	at com.netflix.discovery.shared.transport.decorator.RetryableEurekaHttpClient.execute(RetryableEurekaHttpClient.java:120)
	at com.netflix.discovery.shared.transport.decorator.EurekaHttpClientDecorator.cancel(EurekaHttpClientDecorator.java:71)
	at com.netflix.discovery.shared.transport.decorator.EurekaHttpClientDecorator$2.execute(EurekaHttpClientDecorator.java:74)
	at com.netflix.discovery.shared.transport.decorator.SessionedEurekaHttpClient.execute(SessionedEurekaHttpClient.java:77)
	at com.netflix.discovery.shared.transport.decorator.EurekaHttpClientDecorator.cancel(EurekaHttpClientDecorator.java:71)
	at com.netflix.discovery.DiscoveryClient.unregister(DiscoveryClient.java:972)
	at com.netflix.discovery.DiscoveryClient.shutdown(DiscoveryClient.java:948)
	at sun.reflect.NativeMethodAccessorImpl.invoke0(Native Method)
	at sun.reflect.NativeMethodAccessorImpl.invoke(NativeMethodAccessorImpl.java:62)
	at sun.reflect.DelegatingMethodAccessorImpl.invoke(DelegatingMethodAccessorImpl.java:43)
	at java.lang.reflect.Method.invoke(Method.java:498)
	at org.springframework.beans.factory.annotation.InitDestroyAnnotationBeanPostProcessor$LifecycleElement.invoke(InitDestroyAnnotationBeanPostProcessor.java:389)
	at org.springframework.beans.factory.annotation.InitDestroyAnnotationBeanPostProcessor$LifecycleMetadata.invokeDestroyMethods(InitDestroyAnnotationBeanPostProcessor.java:347)
	at org.springframework.beans.factory.annotation.InitDestroyAnnotationBeanPostProcessor.postProcessBeforeDestruction(InitDestroyAnnotationBeanPostProcessor.java:177)
	at org.springframework.beans.factory.support.DisposableBeanAdapter.destroy(DisposableBeanAdapter.java:242)
	at org.springframework.beans.factory.support.DisposableBeanAdapter.run(DisposableBeanAdapter.java:235)
	at org.springframework.cloud.context.scope.GenericScope$BeanLifecycleWrapper.destroy(GenericScope.java:403)
	at org.springframework.cloud.context.scope.GenericScope.destroy(GenericScope.java:142)
	at org.springframework.beans.factory.support.DisposableBeanAdapter.destroy(DisposableBeanAdapter.java:258)
	at org.springframework.beans.factory.support.DefaultSingletonBeanRegistry.destroyBean(DefaultSingletonBeanRegistry.java:587)
	at org.springframework.beans.factory.support.DefaultSingletonBeanRegistry.destroySingleton(DefaultSingletonBeanRegistry.java:559)
	at org.springframework.beans.factory.support.DefaultListableBeanFactory.destroySingleton(DefaultListableBeanFactory.java:1092)
	at org.springframework.beans.factory.support.DefaultSingletonBeanRegistry.destroySingletons(DefaultSingletonBeanRegistry.java:520)
	at org.springframework.beans.factory.support.DefaultListableBeanFactory.destroySingletons(DefaultListableBeanFactory.java:1085)
	at org.springframework.context.support.AbstractApplicationContext.destroyBeans(AbstractApplicationContext.java:1061)
	at org.springframework.context.support.AbstractApplicationContext.doClose(AbstractApplicationContext.java:1030)
	at org.springframework.boot.web.servlet.context.ServletWebServerApplicationContext.doClose(ServletWebServerApplicationContext.java:170)
	at org.springframework.context.support.AbstractApplicationContext$1.run(AbstractApplicationContext.java:949)
Caused by: java.net.ConnectException: Connection refused (Connection refused)
	at java.net.PlainSocketImpl.socketConnect(Native Method)
	at java.net.AbstractPlainSocketImpl.doConnect(AbstractPlainSocketImpl.java:350)
	at java.net.AbstractPlainSocketImpl.connectToAddress(AbstractPlainSocketImpl.java:206)
	at java.net.AbstractPlainSocketImpl.connect(AbstractPlainSocketImpl.java:188)
	at java.net.SocksSocketImpl.connect(SocksSocketImpl.java:392)
	at java.net.Socket.connect(Socket.java:607)
	at org.apache.http.conn.scheme.PlainSocketFactory.connectSocket(PlainSocketFactory.java:121)
	at org.apache.http.impl.conn.DefaultClientConnectionOperator.openConnection(DefaultClientConnectionOperator.java:180)
	at org.apache.http.impl.conn.AbstractPoolEntry.open(AbstractPoolEntry.java:144)
	at org.apache.http.impl.conn.AbstractPooledConnAdapter.open(AbstractPooledConnAdapter.java:134)
	at org.apache.http.impl.client.DefaultRequestDirector.tryConnect(DefaultRequestDirector.java:605)
	at org.apache.http.impl.client.DefaultRequestDirector.execute(DefaultRequestDirector.java:440)
	at org.apache.http.impl.client.AbstractHttpClient.doExecute(AbstractHttpClient.java:835)
	at org.apache.http.impl.client.CloseableHttpClient.execute(CloseableHttpClient.java:118)
	at org.apache.http.impl.client.CloseableHttpClient.execute(CloseableHttpClient.java:56)
	at com.sun.jersey.client.apache4.ApacheHttpClient4Handler.handle(ApacheHttpClient4Handler.java:173)
	... 43 more

2022-11-11 09:40:28 INFO  bigData-service-quartz SpringContextShutdownHook com.netflix.discovery.DiscoveryClient Completed shut down of DiscoveryClient
